<?xml version="1.0" encoding="UTF-8"?>
<!-- Generated by org.testng.reporters.JUnitReportReporter -->
<testsuite hostname="guoyi" name="com.mvnbook.output.test.App" tests="1" failures="0" timestamp="13 Aug 2016 07:41:50 GMT" time="0.291" errors="0">
  <testcase name="testspring" time="0.291" classname="com.mvnbook.output.test.App"/>
</testsuite> <!-- com.mvnbook.output.test.App -->
