<?xml version="1.0" encoding="UTF-8"?>
<!-- Generated by org.testng.reporters.JUnitReportReporter -->
<testsuite hostname="guoyi" name="com.mvnbook.output.test.Test1" tests="1" failures="0" timestamp="13 Aug 2016 13:06:14 GMT" time="1.528" errors="0">
  <testcase name="testspringmybatis" time="1.528" classname="com.mvnbook.output.test.Test1"/>
</testsuite> <!-- com.mvnbook.output.test.Test1 -->
